<?xml version="1.0" encoding="UTF-8"?>
<testsuite xmlns:xsi="http://www.w3.org/2001/XMLSchema-instance" xsi:noNamespaceSchemaLocation="https://maven.apache.org/surefire/maven-failsafe-plugin/xsd/failsafe-test-report.xsd" version="3.0.2" name="fr.takima.training.sampleapplication.IT.DepartmentControllerTestIT" time="35.405" tests="6" errors="0" skipped="0" failures="0">
  <properties>
    <property name="java.specification.version" value="21"/>
    <property name="sun.jnu.encoding" value="UTF-8"/>
    <property name="java.class.path" value="/Users/Jochy/Documents/Educación/EPF Engineering School/DevOps/Session 1 - Docker/backend-api/target/test-classes:/Users/Jochy/Documents/Educación/EPF Engineering School/DevOps/Session 1 - Docker/backend-api/target/classes:/Users/Jochy/.m2/repository/org/springframework/boot/spring-boot-starter-data-jpa/3.4.2/spring-boot-starter-data-jpa-3.4.2.jar:/Users/Jochy/.m2/repository/org/springframework/boot/spring-boot-starter/3.4.2/spring-boot-starter-3.4.2.jar:/Users/Jochy/.m2/repository/org/springframework/boot/spring-boot/3.4.2/spring-boot-3.4.2.jar:/Users/Jochy/.m2/repository/org/springframework/boot/spring-boot-autoconfigure/3.4.2/spring-boot-autoconfigure-3.4.2.jar:/Users/Jochy/.m2/repository/org/springframework/boot/spring-boot-starter-logging/3.4.2/spring-boot-starter-logging-3.4.2.jar:/Users/Jochy/.m2/repository/ch/qos/logback/logback-classic/1.5.16/logback-classic-1.5.16.jar:/Users/Jochy/.m2/repository/ch/qos/logback/logback-core/1.5.16/logback-core-1.5.16.jar:/Users/Jochy/.m2/repository/org/apache/logging/log4j/log4j-to-slf4j/2.24.3/log4j-to-slf4j-2.24.3.jar:/Users/Jochy/.m2/repository/org/apache/logging/log4j/log4j-api/2.24.3/log4j-api-2.24.3.jar:/Users/Jochy/.m2/repository/org/slf4j/jul-to-slf4j/2.0.16/jul-to-slf4j-2.0.16.jar:/Users/Jochy/.m2/repository/jakarta/annotation/jakarta.annotation-api/2.1.1/jakarta.annotation-api-2.1.1.jar:/Users/Jochy/.m2/repository/org/yaml/snakeyaml/2.3/snakeyaml-2.3.jar:/Users/Jochy/.m2/repository/org/hibernate/orm/hibernate-core/6.6.5.Final/hibernate-core-6.6.5.Final.jar:/Users/Jochy/.m2/repository/jakarta/persistence/jakarta.persistence-api/3.1.0/jakarta.persistence-api-3.1.0.jar:/Users/Jochy/.m2/repository/jakarta/transaction/jakarta.transaction-api/2.0.1/jakarta.transaction-api-2.0.1.jar:/Users/Jochy/.m2/repository/org/jboss/logging/jboss-logging/3.6.1.Final/jboss-logging-3.6.1.Final.jar:/Users/Jochy/.m2/repository/org/hibernate/common/hibernate-commons-annotations/7.0.3.Final/hibernate-commons-annotations-7.0.3.Final.jar:/Users/Jochy/.m2/repository/io/smallrye/jandex/3.2.0/jandex-3.2.0.jar:/Users/Jochy/.m2/repository/com/fasterxml/classmate/1.7.0/classmate-1.7.0.jar:/Users/Jochy/.m2/repository/net/bytebuddy/byte-buddy/1.15.11/byte-buddy-1.15.11.jar:/Users/Jochy/.m2/repository/org/glassfish/jaxb/jaxb-runtime/4.0.5/jaxb-runtime-4.0.5.jar:/Users/Jochy/.m2/repository/org/glassfish/jaxb/jaxb-core/4.0.5/jaxb-core-4.0.5.jar:/Users/Jochy/.m2/repository/org/eclipse/angus/angus-activation/2.0.2/angus-activation-2.0.2.jar:/Users/Jochy/.m2/repository/org/glassfish/jaxb/txw2/4.0.5/txw2-4.0.5.jar:/Users/Jochy/.m2/repository/com/sun/istack/istack-commons-runtime/4.1.2/istack-commons-runtime-4.1.2.jar:/Users/Jochy/.m2/repository/jakarta/inject/jakarta.inject-api/2.0.1/jakarta.inject-api-2.0.1.jar:/Users/Jochy/.m2/repository/org/antlr/antlr4-runtime/4.13.0/antlr4-runtime-4.13.0.jar:/Users/Jochy/.m2/repository/org/springframework/data/spring-data-jpa/3.4.2/spring-data-jpa-3.4.2.jar:/Users/Jochy/.m2/repository/org/springframework/data/spring-data-commons/3.4.2/spring-data-commons-3.4.2.jar:/Users/Jochy/.m2/repository/org/springframework/spring-orm/6.2.2/spring-orm-6.2.2.jar:/Users/Jochy/.m2/repository/org/springframework/spring-context/6.2.2/spring-context-6.2.2.jar:/Users/Jochy/.m2/repository/org/springframework/spring-aop/6.2.2/spring-aop-6.2.2.jar:/Users/Jochy/.m2/repository/org/springframework/spring-tx/6.2.2/spring-tx-6.2.2.jar:/Users/Jochy/.m2/repository/org/springframework/spring-beans/6.2.2/spring-beans-6.2.2.jar:/Users/Jochy/.m2/repository/org/springframework/spring-aspects/6.2.2/spring-aspects-6.2.2.jar:/Users/Jochy/.m2/repository/org/aspectj/aspectjweaver/1.9.22.1/aspectjweaver-1.9.22.1.jar:/Users/Jochy/.m2/repository/org/springframework/boot/spring-boot-starter-web/3.4.2/spring-boot-starter-web-3.4.2.jar:/Users/Jochy/.m2/repository/org/springframework/boot/spring-boot-starter-json/3.4.2/spring-boot-starter-json-3.4.2.jar:/Users/Jochy/.m2/repository/com/fasterxml/jackson/core/jackson-databind/2.18.2/jackson-databind-2.18.2.jar:/Users/Jochy/.m2/repository/com/fasterxml/jackson/core/jackson-core/2.18.2/jackson-core-2.18.2.jar:/Users/Jochy/.m2/repository/com/fasterxml/jackson/datatype/jackson-datatype-jdk8/2.18.2/jackson-datatype-jdk8-2.18.2.jar:/Users/Jochy/.m2/repository/com/fasterxml/jackson/datatype/jackson-datatype-jsr310/2.18.2/jackson-datatype-jsr310-2.18.2.jar:/Users/Jochy/.m2/repository/com/fasterxml/jackson/module/jackson-module-parameter-names/2.18.2/jackson-module-parameter-names-2.18.2.jar:/Users/Jochy/.m2/repository/org/springframework/boot/spring-boot-starter-tomcat/3.4.2/spring-boot-starter-tomcat-3.4.2.jar:/Users/Jochy/.m2/repository/org/apache/tomcat/embed/tomcat-embed-core/10.1.34/tomcat-embed-core-10.1.34.jar:/Users/Jochy/.m2/repository/org/apache/tomcat/embed/tomcat-embed-el/10.1.34/tomcat-embed-el-10.1.34.jar:/Users/Jochy/.m2/repository/org/apache/tomcat/embed/tomcat-embed-websocket/10.1.34/tomcat-embed-websocket-10.1.34.jar:/Users/Jochy/.m2/repository/org/springframework/spring-web/6.2.2/spring-web-6.2.2.jar:/Users/Jochy/.m2/repository/org/springframework/spring-webmvc/6.2.2/spring-webmvc-6.2.2.jar:/Users/Jochy/.m2/repository/org/springframework/spring-expression/6.2.2/spring-expression-6.2.2.jar:/Users/Jochy/.m2/repository/org/springframework/boot/spring-boot-starter-jdbc/3.4.2/spring-boot-starter-jdbc-3.4.2.jar:/Users/Jochy/.m2/repository/com/zaxxer/HikariCP/5.1.0/HikariCP-5.1.0.jar:/Users/Jochy/.m2/repository/org/springframework/spring-jdbc/6.2.2/spring-jdbc-6.2.2.jar:/Users/Jochy/.m2/repository/org/testcontainers/testcontainers/1.20.4/testcontainers-1.20.4.jar:/Users/Jochy/.m2/repository/junit/junit/4.13.2/junit-4.13.2.jar:/Users/Jochy/.m2/repository/org/hamcrest/hamcrest-core/2.2/hamcrest-core-2.2.jar:/Users/Jochy/.m2/repository/org/slf4j/slf4j-api/2.0.16/slf4j-api-2.0.16.jar:/Users/Jochy/.m2/repository/org/apache/commons/commons-compress/1.24.0/commons-compress-1.24.0.jar:/Users/Jochy/.m2/repository/org/rnorth/duct-tape/duct-tape/1.0.8/duct-tape-1.0.8.jar:/Users/Jochy/.m2/repository/org/jetbrains/annotations/17.0.0/annotations-17.0.0.jar:/Users/Jochy/.m2/repository/com/github/docker-java/docker-java-api/3.4.0/docker-java-api-3.4.0.jar:/Users/Jochy/.m2/repository/com/fasterxml/jackson/core/jackson-annotations/2.18.2/jackson-annotations-2.18.2.jar:/Users/Jochy/.m2/repository/com/github/docker-java/docker-java-transport-zerodep/3.4.0/docker-java-transport-zerodep-3.4.0.jar:/Users/Jochy/.m2/repository/com/github/docker-java/docker-java-transport/3.4.0/docker-java-transport-3.4.0.jar:/Users/Jochy/.m2/repository/net/java/dev/jna/jna/5.13.0/jna-5.13.0.jar:/Users/Jochy/.m2/repository/org/testcontainers/jdbc/1.20.4/jdbc-1.20.4.jar:/Users/Jochy/.m2/repository/org/testcontainers/database-commons/1.20.4/database-commons-1.20.4.jar:/Users/Jochy/.m2/repository/org/testcontainers/postgresql/1.20.4/postgresql-1.20.4.jar:/Users/Jochy/.m2/repository/jakarta/validation/jakarta.validation-api/3.1.0/jakarta.validation-api-3.1.0.jar:/Users/Jochy/.m2/repository/org/springframework/boot/spring-boot-starter-actuator/3.4.2/spring-boot-starter-actuator-3.4.2.jar:/Users/Jochy/.m2/repository/org/springframework/boot/spring-boot-actuator-autoconfigure/3.4.2/spring-boot-actuator-autoconfigure-3.4.2.jar:/Users/Jochy/.m2/repository/org/springframework/boot/spring-boot-actuator/3.4.2/spring-boot-actuator-3.4.2.jar:/Users/Jochy/.m2/repository/io/micrometer/micrometer-observation/1.14.3/micrometer-observation-1.14.3.jar:/Users/Jochy/.m2/repository/io/micrometer/micrometer-commons/1.14.3/micrometer-commons-1.14.3.jar:/Users/Jochy/.m2/repository/io/micrometer/micrometer-jakarta9/1.14.3/micrometer-jakarta9-1.14.3.jar:/Users/Jochy/.m2/repository/io/micrometer/micrometer-core/1.14.3/micrometer-core-1.14.3.jar:/Users/Jochy/.m2/repository/org/hdrhistogram/HdrHistogram/2.2.2/HdrHistogram-2.2.2.jar:/Users/Jochy/.m2/repository/org/latencyutils/LatencyUtils/2.0.3/LatencyUtils-2.0.3.jar:/Users/Jochy/.m2/repository/org/postgresql/postgresql/42.7.5/postgresql-42.7.5.jar:/Users/Jochy/.m2/repository/org/checkerframework/checker-qual/3.48.3/checker-qual-3.48.3.jar:/Users/Jochy/.m2/repository/org/springframework/boot/spring-boot-starter-test/3.4.2/spring-boot-starter-test-3.4.2.jar:/Users/Jochy/.m2/repository/org/springframework/boot/spring-boot-test/3.4.2/spring-boot-test-3.4.2.jar:/Users/Jochy/.m2/repository/org/springframework/boot/spring-boot-test-autoconfigure/3.4.2/spring-boot-test-autoconfigure-3.4.2.jar:/Users/Jochy/.m2/repository/com/jayway/jsonpath/json-path/2.9.0/json-path-2.9.0.jar:/Users/Jochy/.m2/repository/jakarta/xml/bind/jakarta.xml.bind-api/4.0.2/jakarta.xml.bind-api-4.0.2.jar:/Users/Jochy/.m2/repository/jakarta/activation/jakarta.activation-api/2.1.3/jakarta.activation-api-2.1.3.jar:/Users/Jochy/.m2/repository/net/minidev/json-smart/2.5.1/json-smart-2.5.1.jar:/Users/Jochy/.m2/repository/net/minidev/accessors-smart/2.5.1/accessors-smart-2.5.1.jar:/Users/Jochy/.m2/repository/org/ow2/asm/asm/9.6/asm-9.6.jar:/Users/Jochy/.m2/repository/org/assertj/assertj-core/3.26.3/assertj-core-3.26.3.jar:/Users/Jochy/.m2/repository/org/awaitility/awaitility/4.2.2/awaitility-4.2.2.jar:/Users/Jochy/.m2/repository/org/hamcrest/hamcrest/2.2/hamcrest-2.2.jar:/Users/Jochy/.m2/repository/org/junit/jupiter/junit-jupiter/5.11.4/junit-jupiter-5.11.4.jar:/Users/Jochy/.m2/repository/org/junit/jupiter/junit-jupiter-api/5.11.4/junit-jupiter-api-5.11.4.jar:/Users/Jochy/.m2/repository/org/opentest4j/opentest4j/1.3.0/opentest4j-1.3.0.jar:/Users/Jochy/.m2/repository/org/junit/platform/junit-platform-commons/1.11.4/junit-platform-commons-1.11.4.jar:/Users/Jochy/.m2/repository/org/apiguardian/apiguardian-api/1.1.2/apiguardian-api-1.1.2.jar:/Users/Jochy/.m2/repository/org/junit/jupiter/junit-jupiter-params/5.11.4/junit-jupiter-params-5.11.4.jar:/Users/Jochy/.m2/repository/org/junit/jupiter/junit-jupiter-engine/5.11.4/junit-jupiter-engine-5.11.4.jar:/Users/Jochy/.m2/repository/org/junit/platform/junit-platform-engine/1.11.4/junit-platform-engine-1.11.4.jar:/Users/Jochy/.m2/repository/org/mockito/mockito-core/5.14.2/mockito-core-5.14.2.jar:/Users/Jochy/.m2/repository/net/bytebuddy/byte-buddy-agent/1.15.11/byte-buddy-agent-1.15.11.jar:/Users/Jochy/.m2/repository/org/objenesis/objenesis/3.3/objenesis-3.3.jar:/Users/Jochy/.m2/repository/org/mockito/mockito-junit-jupiter/5.14.2/mockito-junit-jupiter-5.14.2.jar:/Users/Jochy/.m2/repository/org/skyscreamer/jsonassert/1.5.3/jsonassert-1.5.3.jar:/Users/Jochy/.m2/repository/com/vaadin/external/google/android-json/0.0.20131108.vaadin1/android-json-0.0.20131108.vaadin1.jar:/Users/Jochy/.m2/repository/org/springframework/spring-core/6.2.2/spring-core-6.2.2.jar:/Users/Jochy/.m2/repository/org/springframework/spring-jcl/6.2.2/spring-jcl-6.2.2.jar:/Users/Jochy/.m2/repository/org/springframework/spring-test/6.2.2/spring-test-6.2.2.jar:/Users/Jochy/.m2/repository/org/xmlunit/xmlunit-core/2.10.0/xmlunit-core-2.10.0.jar:"/>
    <property name="java.vm.vendor" value="Eclipse Adoptium"/>
    <property name="sun.arch.data.model" value="64"/>
    <property name="java.vendor.url" value="https://adoptium.net/"/>
    <property name="user.timezone" value="America/Santo_Domingo"/>
    <property name="org.jboss.logging.provider" value="slf4j"/>
    <property name="os.name" value="Mac OS X"/>
    <property name="java.vm.specification.version" value="21"/>
    <property name="sun.java.launcher" value="SUN_STANDARD"/>
    <property name="user.country" value="US"/>
    <property name="sun.boot.library.path" value="/Users/Jochy/.sdkman/candidates/java/21.0.2-tem/lib"/>
    <property name="sun.java.command" value="/Users/Jochy/Documents/Educación/EPF Engineering School/DevOps/Session 1 - Docker/backend-api/target/surefire/surefirebooter-20250520153304800_3.jar /Users/Jochy/Documents/Educación/EPF Engineering School/DevOps/Session 1 - Docker/backend-api/target/surefire 2025-05-20T15-33-04_695-jvmRun1 surefire-20250520153304800_1tmp surefire_0-20250520153304800_2tmp"/>
    <property name="http.nonProxyHosts" value="local|*.local|169.254/16|*.169.254/16"/>
    <property name="jdk.debug" value="release"/>
    <property name="surefire.test.class.path" value="/Users/Jochy/Documents/Educación/EPF Engineering School/DevOps/Session 1 - Docker/backend-api/target/test-classes:/Users/Jochy/Documents/Educación/EPF Engineering School/DevOps/Session 1 - Docker/backend-api/target/classes:/Users/Jochy/.m2/repository/org/springframework/boot/spring-boot-starter-data-jpa/3.4.2/spring-boot-starter-data-jpa-3.4.2.jar:/Users/Jochy/.m2/repository/org/springframework/boot/spring-boot-starter/3.4.2/spring-boot-starter-3.4.2.jar:/Users/Jochy/.m2/repository/org/springframework/boot/spring-boot/3.4.2/spring-boot-3.4.2.jar:/Users/Jochy/.m2/repository/org/springframework/boot/spring-boot-autoconfigure/3.4.2/spring-boot-autoconfigure-3.4.2.jar:/Users/Jochy/.m2/repository/org/springframework/boot/spring-boot-starter-logging/3.4.2/spring-boot-starter-logging-3.4.2.jar:/Users/Jochy/.m2/repository/ch/qos/logback/logback-classic/1.5.16/logback-classic-1.5.16.jar:/Users/Jochy/.m2/repository/ch/qos/logback/logback-core/1.5.16/logback-core-1.5.16.jar:/Users/Jochy/.m2/repository/org/apache/logging/log4j/log4j-to-slf4j/2.24.3/log4j-to-slf4j-2.24.3.jar:/Users/Jochy/.m2/repository/org/apache/logging/log4j/log4j-api/2.24.3/log4j-api-2.24.3.jar:/Users/Jochy/.m2/repository/org/slf4j/jul-to-slf4j/2.0.16/jul-to-slf4j-2.0.16.jar:/Users/Jochy/.m2/repository/jakarta/annotation/jakarta.annotation-api/2.1.1/jakarta.annotation-api-2.1.1.jar:/Users/Jochy/.m2/repository/org/yaml/snakeyaml/2.3/snakeyaml-2.3.jar:/Users/Jochy/.m2/repository/org/hibernate/orm/hibernate-core/6.6.5.Final/hibernate-core-6.6.5.Final.jar:/Users/Jochy/.m2/repository/jakarta/persistence/jakarta.persistence-api/3.1.0/jakarta.persistence-api-3.1.0.jar:/Users/Jochy/.m2/repository/jakarta/transaction/jakarta.transaction-api/2.0.1/jakarta.transaction-api-2.0.1.jar:/Users/Jochy/.m2/repository/org/jboss/logging/jboss-logging/3.6.1.Final/jboss-logging-3.6.1.Final.jar:/Users/Jochy/.m2/repository/org/hibernate/common/hibernate-commons-annotations/7.0.3.Final/hibernate-commons-annotations-7.0.3.Final.jar:/Users/Jochy/.m2/repository/io/smallrye/jandex/3.2.0/jandex-3.2.0.jar:/Users/Jochy/.m2/repository/com/fasterxml/classmate/1.7.0/classmate-1.7.0.jar:/Users/Jochy/.m2/repository/net/bytebuddy/byte-buddy/1.15.11/byte-buddy-1.15.11.jar:/Users/Jochy/.m2/repository/org/glassfish/jaxb/jaxb-runtime/4.0.5/jaxb-runtime-4.0.5.jar:/Users/Jochy/.m2/repository/org/glassfish/jaxb/jaxb-core/4.0.5/jaxb-core-4.0.5.jar:/Users/Jochy/.m2/repository/org/eclipse/angus/angus-activation/2.0.2/angus-activation-2.0.2.jar:/Users/Jochy/.m2/repository/org/glassfish/jaxb/txw2/4.0.5/txw2-4.0.5.jar:/Users/Jochy/.m2/repository/com/sun/istack/istack-commons-runtime/4.1.2/istack-commons-runtime-4.1.2.jar:/Users/Jochy/.m2/repository/jakarta/inject/jakarta.inject-api/2.0.1/jakarta.inject-api-2.0.1.jar:/Users/Jochy/.m2/repository/org/antlr/antlr4-runtime/4.13.0/antlr4-runtime-4.13.0.jar:/Users/Jochy/.m2/repository/org/springframework/data/spring-data-jpa/3.4.2/spring-data-jpa-3.4.2.jar:/Users/Jochy/.m2/repository/org/springframework/data/spring-data-commons/3.4.2/spring-data-commons-3.4.2.jar:/Users/Jochy/.m2/repository/org/springframework/spring-orm/6.2.2/spring-orm-6.2.2.jar:/Users/Jochy/.m2/repository/org/springframework/spring-context/6.2.2/spring-context-6.2.2.jar:/Users/Jochy/.m2/repository/org/springframework/spring-aop/6.2.2/spring-aop-6.2.2.jar:/Users/Jochy/.m2/repository/org/springframework/spring-tx/6.2.2/spring-tx-6.2.2.jar:/Users/Jochy/.m2/repository/org/springframework/spring-beans/6.2.2/spring-beans-6.2.2.jar:/Users/Jochy/.m2/repository/org/springframework/spring-aspects/6.2.2/spring-aspects-6.2.2.jar:/Users/Jochy/.m2/repository/org/aspectj/aspectjweaver/1.9.22.1/aspectjweaver-1.9.22.1.jar:/Users/Jochy/.m2/repository/org/springframework/boot/spring-boot-starter-web/3.4.2/spring-boot-starter-web-3.4.2.jar:/Users/Jochy/.m2/repository/org/springframework/boot/spring-boot-starter-json/3.4.2/spring-boot-starter-json-3.4.2.jar:/Users/Jochy/.m2/repository/com/fasterxml/jackson/core/jackson-databind/2.18.2/jackson-databind-2.18.2.jar:/Users/Jochy/.m2/repository/com/fasterxml/jackson/core/jackson-core/2.18.2/jackson-core-2.18.2.jar:/Users/Jochy/.m2/repository/com/fasterxml/jackson/datatype/jackson-datatype-jdk8/2.18.2/jackson-datatype-jdk8-2.18.2.jar:/Users/Jochy/.m2/repository/com/fasterxml/jackson/datatype/jackson-datatype-jsr310/2.18.2/jackson-datatype-jsr310-2.18.2.jar:/Users/Jochy/.m2/repository/com/fasterxml/jackson/module/jackson-module-parameter-names/2.18.2/jackson-module-parameter-names-2.18.2.jar:/Users/Jochy/.m2/repository/org/springframework/boot/spring-boot-starter-tomcat/3.4.2/spring-boot-starter-tomcat-3.4.2.jar:/Users/Jochy/.m2/repository/org/apache/tomcat/embed/tomcat-embed-core/10.1.34/tomcat-embed-core-10.1.34.jar:/Users/Jochy/.m2/repository/org/apache/tomcat/embed/tomcat-embed-el/10.1.34/tomcat-embed-el-10.1.34.jar:/Users/Jochy/.m2/repository/org/apache/tomcat/embed/tomcat-embed-websocket/10.1.34/tomcat-embed-websocket-10.1.34.jar:/Users/Jochy/.m2/repository/org/springframework/spring-web/6.2.2/spring-web-6.2.2.jar:/Users/Jochy/.m2/repository/org/springframework/spring-webmvc/6.2.2/spring-webmvc-6.2.2.jar:/Users/Jochy/.m2/repository/org/springframework/spring-expression/6.2.2/spring-expression-6.2.2.jar:/Users/Jochy/.m2/repository/org/springframework/boot/spring-boot-starter-jdbc/3.4.2/spring-boot-starter-jdbc-3.4.2.jar:/Users/Jochy/.m2/repository/com/zaxxer/HikariCP/5.1.0/HikariCP-5.1.0.jar:/Users/Jochy/.m2/repository/org/springframework/spring-jdbc/6.2.2/spring-jdbc-6.2.2.jar:/Users/Jochy/.m2/repository/org/testcontainers/testcontainers/1.20.4/testcontainers-1.20.4.jar:/Users/Jochy/.m2/repository/junit/junit/4.13.2/junit-4.13.2.jar:/Users/Jochy/.m2/repository/org/hamcrest/hamcrest-core/2.2/hamcrest-core-2.2.jar:/Users/Jochy/.m2/repository/org/slf4j/slf4j-api/2.0.16/slf4j-api-2.0.16.jar:/Users/Jochy/.m2/repository/org/apache/commons/commons-compress/1.24.0/commons-compress-1.24.0.jar:/Users/Jochy/.m2/repository/org/rnorth/duct-tape/duct-tape/1.0.8/duct-tape-1.0.8.jar:/Users/Jochy/.m2/repository/org/jetbrains/annotations/17.0.0/annotations-17.0.0.jar:/Users/Jochy/.m2/repository/com/github/docker-java/docker-java-api/3.4.0/docker-java-api-3.4.0.jar:/Users/Jochy/.m2/repository/com/fasterxml/jackson/core/jackson-annotations/2.18.2/jackson-annotations-2.18.2.jar:/Users/Jochy/.m2/repository/com/github/docker-java/docker-java-transport-zerodep/3.4.0/docker-java-transport-zerodep-3.4.0.jar:/Users/Jochy/.m2/repository/com/github/docker-java/docker-java-transport/3.4.0/docker-java-transport-3.4.0.jar:/Users/Jochy/.m2/repository/net/java/dev/jna/jna/5.13.0/jna-5.13.0.jar:/Users/Jochy/.m2/repository/org/testcontainers/jdbc/1.20.4/jdbc-1.20.4.jar:/Users/Jochy/.m2/repository/org/testcontainers/database-commons/1.20.4/database-commons-1.20.4.jar:/Users/Jochy/.m2/repository/org/testcontainers/postgresql/1.20.4/postgresql-1.20.4.jar:/Users/Jochy/.m2/repository/jakarta/validation/jakarta.validation-api/3.1.0/jakarta.validation-api-3.1.0.jar:/Users/Jochy/.m2/repository/org/springframework/boot/spring-boot-starter-actuator/3.4.2/spring-boot-starter-actuator-3.4.2.jar:/Users/Jochy/.m2/repository/org/springframework/boot/spring-boot-actuator-autoconfigure/3.4.2/spring-boot-actuator-autoconfigure-3.4.2.jar:/Users/Jochy/.m2/repository/org/springframework/boot/spring-boot-actuator/3.4.2/spring-boot-actuator-3.4.2.jar:/Users/Jochy/.m2/repository/io/micrometer/micrometer-observation/1.14.3/micrometer-observation-1.14.3.jar:/Users/Jochy/.m2/repository/io/micrometer/micrometer-commons/1.14.3/micrometer-commons-1.14.3.jar:/Users/Jochy/.m2/repository/io/micrometer/micrometer-jakarta9/1.14.3/micrometer-jakarta9-1.14.3.jar:/Users/Jochy/.m2/repository/io/micrometer/micrometer-core/1.14.3/micrometer-core-1.14.3.jar:/Users/Jochy/.m2/repository/org/hdrhistogram/HdrHistogram/2.2.2/HdrHistogram-2.2.2.jar:/Users/Jochy/.m2/repository/org/latencyutils/LatencyUtils/2.0.3/LatencyUtils-2.0.3.jar:/Users/Jochy/.m2/repository/org/postgresql/postgresql/42.7.5/postgresql-42.7.5.jar:/Users/Jochy/.m2/repository/org/checkerframework/checker-qual/3.48.3/checker-qual-3.48.3.jar:/Users/Jochy/.m2/repository/org/springframework/boot/spring-boot-starter-test/3.4.2/spring-boot-starter-test-3.4.2.jar:/Users/Jochy/.m2/repository/org/springframework/boot/spring-boot-test/3.4.2/spring-boot-test-3.4.2.jar:/Users/Jochy/.m2/repository/org/springframework/boot/spring-boot-test-autoconfigure/3.4.2/spring-boot-test-autoconfigure-3.4.2.jar:/Users/Jochy/.m2/repository/com/jayway/jsonpath/json-path/2.9.0/json-path-2.9.0.jar:/Users/Jochy/.m2/repository/jakarta/xml/bind/jakarta.xml.bind-api/4.0.2/jakarta.xml.bind-api-4.0.2.jar:/Users/Jochy/.m2/repository/jakarta/activation/jakarta.activation-api/2.1.3/jakarta.activation-api-2.1.3.jar:/Users/Jochy/.m2/repository/net/minidev/json-smart/2.5.1/json-smart-2.5.1.jar:/Users/Jochy/.m2/repository/net/minidev/accessors-smart/2.5.1/accessors-smart-2.5.1.jar:/Users/Jochy/.m2/repository/org/ow2/asm/asm/9.6/asm-9.6.jar:/Users/Jochy/.m2/repository/org/assertj/assertj-core/3.26.3/assertj-core-3.26.3.jar:/Users/Jochy/.m2/repository/org/awaitility/awaitility/4.2.2/awaitility-4.2.2.jar:/Users/Jochy/.m2/repository/org/hamcrest/hamcrest/2.2/hamcrest-2.2.jar:/Users/Jochy/.m2/repository/org/junit/jupiter/junit-jupiter/5.11.4/junit-jupiter-5.11.4.jar:/Users/Jochy/.m2/repository/org/junit/jupiter/junit-jupiter-api/5.11.4/junit-jupiter-api-5.11.4.jar:/Users/Jochy/.m2/repository/org/opentest4j/opentest4j/1.3.0/opentest4j-1.3.0.jar:/Users/Jochy/.m2/repository/org/junit/platform/junit-platform-commons/1.11.4/junit-platform-commons-1.11.4.jar:/Users/Jochy/.m2/repository/org/apiguardian/apiguardian-api/1.1.2/apiguardian-api-1.1.2.jar:/Users/Jochy/.m2/repository/org/junit/jupiter/junit-jupiter-params/5.11.4/junit-jupiter-params-5.11.4.jar:/Users/Jochy/.m2/repository/org/junit/jupiter/junit-jupiter-engine/5.11.4/junit-jupiter-engine-5.11.4.jar:/Users/Jochy/.m2/repository/org/junit/platform/junit-platform-engine/1.11.4/junit-platform-engine-1.11.4.jar:/Users/Jochy/.m2/repository/org/mockito/mockito-core/5.14.2/mockito-core-5.14.2.jar:/Users/Jochy/.m2/repository/net/bytebuddy/byte-buddy-agent/1.15.11/byte-buddy-agent-1.15.11.jar:/Users/Jochy/.m2/repository/org/objenesis/objenesis/3.3/objenesis-3.3.jar:/Users/Jochy/.m2/repository/org/mockito/mockito-junit-jupiter/5.14.2/mockito-junit-jupiter-5.14.2.jar:/Users/Jochy/.m2/repository/org/skyscreamer/jsonassert/1.5.3/jsonassert-1.5.3.jar:/Users/Jochy/.m2/repository/com/vaadin/external/google/android-json/0.0.20131108.vaadin1/android-json-0.0.20131108.vaadin1.jar:/Users/Jochy/.m2/repository/org/springframework/spring-core/6.2.2/spring-core-6.2.2.jar:/Users/Jochy/.m2/repository/org/springframework/spring-jcl/6.2.2/spring-jcl-6.2.2.jar:/Users/Jochy/.m2/repository/org/springframework/spring-test/6.2.2/spring-test-6.2.2.jar:/Users/Jochy/.m2/repository/org/xmlunit/xmlunit-core/2.10.0/xmlunit-core-2.10.0.jar:"/>
    <property name="sun.cpu.endian" value="little"/>
    <property name="user.home" value="/Users/Jochy"/>
    <property name="user.language" value="en"/>
    <property name="java.specification.vendor" value="Oracle Corporation"/>
    <property name="java.version.date" value="2024-01-16"/>
    <property name="java.home" value="/Users/Jochy/.sdkman/candidates/java/21.0.2-tem"/>
    <property name="file.separator" value="/"/>
    <property name="basedir" value="/Users/Jochy/Documents/Educación/EPF Engineering School/DevOps/Session 1 - Docker/backend-api"/>
    <property name="java.vm.compressedOopsMode" value="Zero based"/>
    <property name="line.separator" value="&#10;"/>
    <property name="java.vm.specification.vendor" value="Oracle Corporation"/>
    <property name="java.specification.name" value="Java Platform API Specification"/>
    <property name="FILE_LOG_CHARSET" value="UTF-8"/>
    <property name="java.awt.headless" value="true"/>
    <property name="apple.awt.application.name" value="ForkedBooter"/>
    <property name="surefire.real.class.path" value="/Users/Jochy/Documents/Educación/EPF Engineering School/DevOps/Session 1 - Docker/backend-api/target/surefire/surefirebooter-20250520153304800_3.jar"/>
    <property name="sun.management.compiler" value="HotSpot 64-Bit Tiered Compilers"/>
    <property name="ftp.nonProxyHosts" value="local|*.local|169.254/16|*.169.254/16"/>
    <property name="java.runtime.version" value="21.0.2+13-LTS"/>
    <property name="user.name" value="Jochy"/>
    <property name="stdout.encoding" value="UTF-8"/>
    <property name="path.separator" value=":"/>
    <property name="os.version" value="15.4.1"/>
    <property name="java.runtime.name" value="OpenJDK Runtime Environment"/>
    <property name="file.encoding" value="UTF-8"/>
    <property name="java.vm.name" value="OpenJDK 64-Bit Server VM"/>
    <property name="java.vendor.version" value="Temurin-21.0.2+13"/>
    <property name="localRepository" value="/Users/Jochy/.m2/repository"/>
    <property name="java.vendor.url.bug" value="https://github.com/adoptium/adoptium-support/issues"/>
    <property name="java.io.tmpdir" value="/var/folders/jg/nd8y39w16lsbd2y5v8shcky80000gn/T/"/>
    <property name="com.zaxxer.hikari.pool_number" value="1"/>
    <property name="java.version" value="21.0.2"/>
    <property name="user.dir" value="/Users/Jochy/Documents/Educación/EPF Engineering School/DevOps/Session 1 - Docker/backend-api"/>
    <property name="os.arch" value="x86_64"/>
    <property name="java.vm.specification.name" value="Java Virtual Machine Specification"/>
    <property name="PID" value="45702"/>
    <property name="CONSOLE_LOG_CHARSET" value="UTF-8"/>
    <property name="native.encoding" value="UTF-8"/>
    <property name="java.library.path" value="/Users/Jochy/Library/Java/Extensions:/Library/Java/Extensions:/Network/Library/Java/Extensions:/System/Library/Java/Extensions:/usr/lib/java:."/>
    <property name="java.vm.info" value="mixed mode"/>
    <property name="stderr.encoding" value="UTF-8"/>
    <property name="java.vendor" value="Eclipse Adoptium"/>
    <property name="java.vm.version" value="21.0.2+13-LTS"/>
    <property name="sun.io.unicode.encoding" value="UnicodeBig"/>
    <property name="socksNonProxyHosts" value="local|*.local|169.254/16|*.169.254/16"/>
    <property name="java.class.version" value="65.0"/>
  </properties>
  <testcase name="testGetDepartmentStudentsByName" classname="fr.takima.training.sampleapplication.IT.DepartmentControllerTestIT" time="1.272">
    <system-out><![CDATA[
  .   ____          _            __ _ _
 /\\ / ___'_ __ _ _(_)_ __  __ _ \ \ \ \
( ( )\___ | '_ | '_| | '_ \/ _` | \ \ \ \
 \\/  ___)| |_)| | | | | || (_| |  ) ) ) )
  '  |____| .__|_| |_|_| |_\__, | / / / /
 =========|_|==============|___/=/_/_/_/

 :: Spring Boot ::                (v3.4.2)

2025-05-20T15:33:08.139-04:00  INFO 45702 --- [           main] f.t.t.s.IT.DepartmentControllerTestIT    : Starting DepartmentControllerTestIT using Java 21.0.2 with PID 45702 (started by Jochy in /Users/Jochy/Documents/Educación/EPF Engineering School/DevOps/Session 1 - Docker/backend-api)
2025-05-20T15:33:08.145-04:00  INFO 45702 --- [           main] f.t.t.s.IT.DepartmentControllerTestIT    : No active profile set, falling back to 1 default profile: "default"
2025-05-20T15:33:09.861-04:00  INFO 45702 --- [           main] .s.d.r.c.RepositoryConfigurationDelegate : Bootstrapping Spring Data JPA repositories in DEFAULT mode.
2025-05-20T15:33:09.981-04:00  INFO 45702 --- [           main] .s.d.r.c.RepositoryConfigurationDelegate : Finished Spring Data repository scanning in 95 ms. Found 2 JPA repository interfaces.
2025-05-20T15:33:11.066-04:00  INFO 45702 --- [           main] com.zaxxer.hikari.HikariDataSource       : HikariPool-1 - Starting...
2025-05-20T15:33:11.207-04:00  INFO 45702 --- [           main] org.testcontainers.images.PullPolicy     : Image pull policy will be performed by: DefaultPullPolicy()
2025-05-20T15:33:11.213-04:00  INFO 45702 --- [           main] o.t.utility.ImageNameSubstitutor         : Image name substitution will be performed by: DefaultImageNameSubstitutor (composite of 'ConfigurationFileImageNameSubstitutor' and 'PrefixingImageNameSubstitutor')
2025-05-20T15:33:11.239-04:00  INFO 45702 --- [           main] org.testcontainers.DockerClientFactory   : Testcontainers version: 1.20.4
2025-05-20T15:33:12.714-04:00  INFO 45702 --- [           main] o.t.d.DockerClientProviderStrategy       : Found Docker environment with local Unix socket (unix:///var/run/docker.sock)
2025-05-20T15:33:12.720-04:00  INFO 45702 --- [           main] org.testcontainers.DockerClientFactory   : Docker host IP address is localhost
2025-05-20T15:33:12.755-04:00  INFO 45702 --- [           main] org.testcontainers.DockerClientFactory   : Connected to docker: 
  Server Version: 28.1.1
  API Version: 1.49
  Operating System: Docker Desktop
  Total Memory: 7839 MB
  Labels: 
    com.docker.desktop.address=unix:///Users/Jochy/Library/Containers/com.docker.docker/Data/docker-cli.sock
2025-05-20T15:33:13.416-04:00  INFO 45702 --- [           main] tc.testcontainers/ryuk:0.11.0            : Pulling docker image: testcontainers/ryuk:0.11.0. Please be patient; this may take some time but only needs to be done once.
2025-05-20T15:33:15.196-04:00  INFO 45702 --- [ream--735410865] tc.testcontainers/ryuk:0.11.0            : Starting to pull image
2025-05-20T15:33:15.241-04:00  INFO 45702 --- [ream--735410865] tc.testcontainers/ryuk:0.11.0            : Pulling image layers:  0 pending,  0 downloaded,  0 extracted, (0 bytes/0 bytes)
2025-05-20T15:33:15.725-04:00  INFO 45702 --- [ream--735410865] tc.testcontainers/ryuk:0.11.0            : Pulling image layers:  2 pending,  1 downloaded,  0 extracted, (2 MB/? MB)
2025-05-20T15:33:16.025-04:00  INFO 45702 --- [ream--735410865] tc.testcontainers/ryuk:0.11.0            : Pulling image layers:  1 pending,  2 downloaded,  0 extracted, (3 MB/? MB)
2025-05-20T15:33:16.243-04:00  INFO 45702 --- [ream--735410865] tc.testcontainers/ryuk:0.11.0            : Pulling image layers:  1 pending,  2 downloaded,  1 extracted, (5 MB/? MB)
2025-05-20T15:33:16.430-04:00  INFO 45702 --- [ream--735410865] tc.testcontainers/ryuk:0.11.0            : Pulling image layers:  1 pending,  2 downloaded,  2 extracted, (8 MB/? MB)
2025-05-20T15:33:16.523-04:00  INFO 45702 --- [ream--735410865] tc.testcontainers/ryuk:0.11.0            : Pulling image layers:  0 pending,  3 downloaded,  2 extracted, (8 MB/10 MB)
2025-05-20T15:33:16.528-04:00  INFO 45702 --- [ream--735410865] tc.testcontainers/ryuk:0.11.0            : Pulling image layers:  0 pending,  3 downloaded,  3 extracted, (8 MB/10 MB)
2025-05-20T15:33:16.563-04:00  INFO 45702 --- [           main] tc.testcontainers/ryuk:0.11.0            : Image testcontainers/ryuk:0.11.0 pull took PT3.146472S
2025-05-20T15:33:16.563-04:00  INFO 45702 --- [ream--735410865] tc.testcontainers/ryuk:0.11.0            : Pull complete. 3 layers, pulled in 1s (downloaded 8 MB at 8 MB/s)
2025-05-20T15:33:16.774-04:00  INFO 45702 --- [           main] tc.testcontainers/ryuk:0.11.0            : Creating container for image: testcontainers/ryuk:0.11.0
2025-05-20T15:33:17.110-04:00  INFO 45702 --- [           main] tc.testcontainers/ryuk:0.11.0            : Container testcontainers/ryuk:0.11.0 is starting: 96b145699d4018e3a6f1338e803d564ddb7566c2e308dfec948b1694eb391d06
2025-05-20T15:33:18.158-04:00  INFO 45702 --- [           main] tc.testcontainers/ryuk:0.11.0            : Container testcontainers/ryuk:0.11.0 started in PT1.383732S
2025-05-20T15:33:18.185-04:00  INFO 45702 --- [           main] o.t.utility.RyukResourceReaper           : Ryuk started - will monitor and terminate Testcontainers containers on JVM exit
2025-05-20T15:33:18.185-04:00  INFO 45702 --- [           main] org.testcontainers.DockerClientFactory   : Checking the system...
2025-05-20T15:33:18.186-04:00  INFO 45702 --- [           main] org.testcontainers.DockerClientFactory   : ✔︎ Docker server version should be at least 1.6.0
2025-05-20T15:33:18.196-04:00  INFO 45702 --- [           main] tc.postgres:9.6.12                       : Pulling docker image: postgres:9.6.12. Please be patient; this may take some time but only needs to be done once.
2025-05-20T15:33:18.627-04:00  INFO 45702 --- [ream--401575570] tc.postgres:9.6.12                       : Starting to pull image
2025-05-20T15:33:18.629-04:00  INFO 45702 --- [ream--401575570] tc.postgres:9.6.12                       : Pulling image layers:  0 pending,  0 downloaded,  0 extracted, (0 bytes/0 bytes)
2025-05-20T15:33:18.915-04:00  INFO 45702 --- [ream--401575570] tc.postgres:9.6.12                       : Pulling image layers: 13 pending,  1 downloaded,  0 extracted, (4 KB/? MB)
2025-05-20T15:33:18.917-04:00  INFO 45702 --- [ream--401575570] tc.postgres:9.6.12                       : Pulling image layers: 12 pending,  2 downloaded,  0 extracted, (11 KB/? MB)
2025-05-20T15:33:18.918-04:00  INFO 45702 --- [ream--401575570] tc.postgres:9.6.12                       : Pulling image layers: 11 pending,  3 downloaded,  0 extracted, (11 KB/? MB)
2025-05-20T15:33:19.015-04:00  INFO 45702 --- [ream--401575570] tc.postgres:9.6.12                       : Pulling image layers: 10 pending,  4 downloaded,  0 extracted, (11 KB/? MB)
2025-05-20T15:33:19.017-04:00  INFO 45702 --- [ream--401575570] tc.postgres:9.6.12                       : Pulling image layers:  9 pending,  5 downloaded,  0 extracted, (11 KB/? MB)
2025-05-20T15:33:19.019-04:00  INFO 45702 --- [ream--401575570] tc.postgres:9.6.12                       : Pulling image layers:  8 pending,  6 downloaded,  0 extracted, (1 MB/? MB)
2025-05-20T15:33:19.020-04:00  INFO 45702 --- [ream--401575570] tc.postgres:9.6.12                       : Pulling image layers:  7 pending,  7 downloaded,  0 extracted, (1 MB/? MB)
2025-05-20T15:33:19.021-04:00  INFO 45702 --- [ream--401575570] tc.postgres:9.6.12                       : Pulling image layers:  6 pending,  8 downloaded,  0 extracted, (1 MB/? MB)
2025-05-20T15:33:19.119-04:00  INFO 45702 --- [ream--401575570] tc.postgres:9.6.12                       : Pulling image layers:  5 pending,  9 downloaded,  0 extracted, (2 MB/? MB)
2025-05-20T15:33:19.317-04:00  INFO 45702 --- [ream--401575570] tc.postgres:9.6.12                       : Pulling image layers:  4 pending, 10 downloaded,  0 extracted, (2 MB/? MB)
2025-05-20T15:33:19.814-04:00  INFO 45702 --- [ream--401575570] tc.postgres:9.6.12                       : Pulling image layers:  3 pending, 11 downloaded,  0 extracted, (7 MB/? MB)
2025-05-20T15:33:20.814-04:00  INFO 45702 --- [ream--401575570] tc.postgres:9.6.12                       : Pulling image layers:  2 pending, 12 downloaded,  0 extracted, (18 MB/? MB)
2025-05-20T15:33:23.812-04:00  INFO 45702 --- [ream--401575570] tc.postgres:9.6.12                       : Pulling image layers:  1 pending, 13 downloaded,  0 extracted, (53 MB/? MB)
2025-05-20T15:33:25.565-04:00  INFO 45702 --- [ream--401575570] tc.postgres:9.6.12                       : Pulling image layers:  1 pending, 13 downloaded,  1 extracted, (73 MB/? MB)
2025-05-20T15:33:25.740-04:00  INFO 45702 --- [ream--401575570] tc.postgres:9.6.12                       : Pulling image layers:  1 pending, 13 downloaded,  2 extracted, (75 MB/? MB)
2025-05-20T15:33:25.786-04:00  INFO 45702 --- [ream--401575570] tc.postgres:9.6.12                       : Pulling image layers:  1 pending, 13 downloaded,  3 extracted, (75 MB/? MB)
2025-05-20T15:33:25.955-04:00  INFO 45702 --- [ream--401575570] tc.postgres:9.6.12                       : Pulling image layers:  1 pending, 13 downloaded,  4 extracted, (77 MB/? MB)
2025-05-20T15:33:26.020-04:00  INFO 45702 --- [ream--401575570] tc.postgres:9.6.12                       : Pulling image layers:  0 pending, 14 downloaded,  4 extracted, (77 MB/79 MB)
2025-05-20T15:33:26.356-04:00  INFO 45702 --- [ream--401575570] tc.postgres:9.6.12                       : Pulling image layers:  0 pending, 14 downloaded,  5 extracted, (77 MB/79 MB)
2025-05-20T15:33:26.422-04:00  INFO 45702 --- [ream--401575570] tc.postgres:9.6.12                       : Pulling image layers:  0 pending, 14 downloaded,  6 extracted, (77 MB/79 MB)
2025-05-20T15:33:26.431-04:00  INFO 45702 --- [ream--401575570] tc.postgres:9.6.12                       : Pulling image layers:  0 pending, 14 downloaded,  7 extracted, (77 MB/79 MB)
2025-05-20T15:33:26.448-04:00  INFO 45702 --- [ream--401575570] tc.postgres:9.6.12                       : Pulling image layers:  0 pending, 14 downloaded,  8 extracted, (77 MB/79 MB)
2025-05-20T15:33:28.616-04:00  INFO 45702 --- [ream--401575570] tc.postgres:9.6.12                       : Pulling image layers:  0 pending, 14 downloaded,  9 extracted, (77 MB/79 MB)
2025-05-20T15:33:28.620-04:00  INFO 45702 --- [ream--401575570] tc.postgres:9.6.12                       : Pulling image layers:  0 pending, 14 downloaded, 10 extracted, (77 MB/79 MB)
2025-05-20T15:33:28.627-04:00  INFO 45702 --- [ream--401575570] tc.postgres:9.6.12                       : Pulling image layers:  0 pending, 14 downloaded, 11 extracted, (77 MB/79 MB)
2025-05-20T15:33:28.632-04:00  INFO 45702 --- [ream--401575570] tc.postgres:9.6.12                       : Pulling image layers:  0 pending, 14 downloaded, 12 extracted, (77 MB/79 MB)
2025-05-20T15:33:28.638-04:00  INFO 45702 --- [ream--401575570] tc.postgres:9.6.12                       : Pulling image layers:  0 pending, 14 downloaded, 13 extracted, (77 MB/79 MB)
2025-05-20T15:33:28.669-04:00  INFO 45702 --- [ream--401575570] tc.postgres:9.6.12                       : Pulling image layers:  0 pending, 14 downloaded, 14 extracted, (77 MB/79 MB)
2025-05-20T15:33:28.704-04:00  INFO 45702 --- [           main] tc.postgres:9.6.12                       : Image postgres:9.6.12 pull took PT10.507195S
2025-05-20T15:33:28.704-04:00  INFO 45702 --- [ream--401575570] tc.postgres:9.6.12                       : Pull complete. 14 layers, pulled in 10s (downloaded 77 MB at 7 MB/s)
2025-05-20T15:33:28.907-04:00  INFO 45702 --- [           main] tc.postgres:9.6.12                       : Creating container for image: postgres:9.6.12
2025-05-20T15:33:29.585-04:00  INFO 45702 --- [           main] tc.postgres:9.6.12                       : Container postgres:9.6.12 is starting: 6ad8e5ee76ebaf9c27e9f86988f9d3c42c71b2bcc12a6777921f75cae9bee87c
2025-05-20T15:33:34.790-04:00  INFO 45702 --- [           main] tc.postgres:9.6.12                       : Container postgres:9.6.12 started in PT5.883186S
2025-05-20T15:33:34.791-04:00  INFO 45702 --- [           main] tc.postgres:9.6.12                       : Container is started (JDBC URL: jdbc:postgresql://localhost:62924/simple-api?loggerLevel=OFF)
2025-05-20T15:33:35.024-04:00  INFO 45702 --- [           main] com.zaxxer.hikari.pool.HikariPool        : HikariPool-1 - Added connection org.testcontainers.jdbc.ConnectionWrapper@502fce85
2025-05-20T15:33:35.028-04:00  INFO 45702 --- [           main] com.zaxxer.hikari.HikariDataSource       : HikariPool-1 - Start completed.
2025-05-20T15:33:35.189-04:00  INFO 45702 --- [           main] o.hibernate.jpa.internal.util.LogHelper  : HHH000204: Processing PersistenceUnitInfo [name: default]
2025-05-20T15:33:35.316-04:00  INFO 45702 --- [           main] org.hibernate.Version                    : HHH000412: Hibernate ORM core version 6.6.5.Final
2025-05-20T15:33:35.390-04:00  INFO 45702 --- [           main] o.h.c.internal.RegionFactoryInitiator    : HHH000026: Second-level cache disabled
2025-05-20T15:33:36.151-04:00  INFO 45702 --- [           main] o.s.o.j.p.SpringPersistenceUnitInfo      : No LoadTimeWeaver setup: ignoring JPA class transformer
2025-05-20T15:33:36.301-04:00  WARN 45702 --- [           main] org.hibernate.dialect.Dialect            : HHH000511: The 9.6.12 version for [org.hibernate.dialect.PostgreSQLDialect] is no longer supported, hence certain features may not work properly. The minimum supported version is 12.0.0. Check the community dialects project for available legacy versions.
2025-05-20T15:33:36.334-04:00  INFO 45702 --- [           main] org.hibernate.orm.connections.pooling    : HHH10001005: Database info:
	Database JDBC URL [Connecting through datasource 'HikariDataSource (HikariPool-1)']
	Database driver: undefined/unknown
	Database version: 9.6.12
	Autocommit mode: undefined/unknown
	Isolation level: undefined/unknown
	Minimum pool size: undefined/unknown
	Maximum pool size: undefined/unknown
2025-05-20T15:33:37.731-04:00  INFO 45702 --- [           main] o.h.e.t.j.p.i.JtaPlatformInitiator       : HHH000489: No JTA platform available (set 'hibernate.transaction.jta.platform' to enable JTA platform integration)
2025-05-20T15:33:37.734-04:00  INFO 45702 --- [           main] j.LocalContainerEntityManagerFactoryBean : Initialized JPA EntityManagerFactory for persistence unit 'default'
2025-05-20T15:33:38.640-04:00  WARN 45702 --- [           main] JpaBaseConfiguration$JpaWebConfiguration : spring.jpa.open-in-view is enabled by default. Therefore, database queries may be performed during view rendering. Explicitly configure spring.jpa.open-in-view to disable this warning
2025-05-20T15:33:38.750-04:00  INFO 45702 --- [           main] o.s.v.b.OptionalValidatorFactoryBean     : Failed to set up a Bean Validation provider: jakarta.validation.NoProviderFoundException: Unable to create a Configuration, because no Jakarta Validation provider could be found. Add a provider like Hibernate Validator (RI) to your classpath.
2025-05-20T15:33:39.949-04:00  INFO 45702 --- [           main] o.s.b.t.m.w.SpringBootMockServletContext : Initializing Spring TestDispatcherServlet ''
2025-05-20T15:33:39.950-04:00  INFO 45702 --- [           main] o.s.t.web.servlet.TestDispatcherServlet  : Initializing Servlet ''
2025-05-20T15:33:39.971-04:00  INFO 45702 --- [           main] o.s.b.a.e.web.EndpointLinksResolver      : Exposing 1 endpoint beneath base path '/actuator'
2025-05-20T15:33:39.998-04:00  INFO 45702 --- [           main] o.s.t.web.servlet.TestDispatcherServlet  : Completed initialization in 47 ms
2025-05-20T15:33:40.162-04:00  INFO 45702 --- [           main] f.t.t.s.IT.DepartmentControllerTestIT    : Started DepartmentControllerTestIT in 32.811 seconds (process running for 35.261)
]]></system-out>
    <system-err><![CDATA[Mockito is currently self-attaching to enable the inline-mock-maker. This will no longer work in future releases of the JDK. Please add Mockito as an agent to your build what is described in Mockito's documentation: https://javadoc.io/doc/org.mockito/mockito-core/latest/org/mockito/Mockito.html#0.3
WARNING: A Java agent has been loaded dynamically (/Users/Jochy/.m2/repository/net/bytebuddy/byte-buddy-agent/1.15.11/byte-buddy-agent-1.15.11.jar)
WARNING: If a serviceability tool is in use, please run with -XX:+EnableDynamicAgentLoading to hide this warning
WARNING: If a serviceability tool is not in use, please run with -Djdk.instrument.traceUsage for more information
WARNING: Dynamic loading of agents will be disallowed by default in a future release
]]></system-err>
  </testcase>
  <testcase name="testGetDepartmentCountByName" classname="fr.takima.training.sampleapplication.IT.DepartmentControllerTestIT" time="0.057"/>
  <testcase name="testGetNonExistingDepartmentStudentsByName" classname="fr.takima.training.sampleapplication.IT.DepartmentControllerTestIT" time="0.042"/>
  <testcase name="testGetNonExistingDepartmentCountsByName" classname="fr.takima.training.sampleapplication.IT.DepartmentControllerTestIT" time="0.043"/>
  <testcase name="testGetNonExistingDepartmentByName" classname="fr.takima.training.sampleapplication.IT.DepartmentControllerTestIT" time="0.041"/>
  <testcase name="testGetDepartmentByName" classname="fr.takima.training.sampleapplication.IT.DepartmentControllerTestIT" time="0.042"/>
</testsuite>